Last login: Thu Jun 25 13:15:22 on ttys010

The default interactive shell is now zsh.
To update your account to use zsh, please run `chsh -s /bin/zsh`.
For more details, please visit https://support.apple.com/kb/HT208050.
/Users/didi/Downloads/Interview_Assistant/Start_Interview_Assistant.command ; exit;
MacBook-Pro-2:~ didi$ /Users/didi/Downloads/Interview_Assistant/Start_Interview_Assistant.command ; exit;
Wails CLI v2.12.0

Executing: go mod tidy
  • Generating bindings: 2026/06/25 13:36:46 2026/06/25 13:36:46 配置文件路径 /Users/didi/Library/Application Support/Interview_Assistant/config

Done.
  • Installing frontend dependencies: Done.
  • Compiling frontend: Done.

> frontend@0.0.0 dev
> vite


  VITE v4.5.14  ready in 153 ms

Vite Server URL: http://localhost:5173/
  ➜  Local:   http://localhost:5173/
  ➜  Network: use --host to expose
Running frontend DevWatcher command: 'npm run dev'
Building application for development...
  • Generating bindings: 2026/06/25 13:36:51 2026/06/25 13:36:51 配置文件路径 /Users/didi/Library/Application Support/Interview_Assistant/config

Done.
  • Compiling application: # Interview_Assistant
ld: warning: ignoring duplicate libraries: '-lobjc'
Done.
  • Packaging application: Done.
  • Self-signing application: Done.
 WARNING  This darwin build contains the use of private APIs. This will not pass Apple's AppStore approval process. Please use it only as a test build for testing and debug purposes.

Using DevServer URL: http://localhost:34115
Using Frontend DevServer URL: http://localhost:5173/
Using reload debounce setting of 100 milliseconds
Watching (sub)/directory: /Users/didi/Downloads/Interview_Assistant
2026/06/25 13:36:54 配置文件路径 /Users/didi/Library/Application Support/Interview_Assistant/config
INF | Serving assets from frontend DevServer URL: http://localhost:5173/
2026/06/25 13:36:54 配置已加载
2026/06/25 13:36:54 [macOS] 幽灵模式已激活
2026/06/25 13:36:54 幽灵模式已激活 (无边框/隐身/防抢焦/隐藏任务栏)
2026/06/25 13:36:55 [macOS] 全局热键注册完成
2026/06/25 13:36:56 启动双音源转录：面试官设备=OrayVirtualAudioDevice，面试者设备=MacBook Pro
2026/06/25 13:36:56 实时转录已启动: device=0 model=./models/small language=zh
2026/06/25 13:36:56 实时转录已启动: device=0 model=./models/small language=zh
2026/06/25 13:36:56 转录 stderr: Traceback (most recent call last):
2026/06/25 13:36:56 转录 stderr: Traceback (most recent call last):
2026/06/25 13:36:56 转录 stderr:   File "/Users/didi/Downloads/Interview_Assistant/BUZZ/faster-whisper/realtime_transcribe.py", line 27, in <module>
2026/06/25 13:36:56 转录 stderr:     import numpy as np
2026/06/25 13:36:56 转录 stderr: ModuleNotFoundError: No module named 'numpy'
2026/06/25 13:36:56 转录 stderr:   File "/Users/didi/Downloads/Interview_Assistant/BUZZ/faster-whisper/realtime_transcribe.py", line 27, in <module>
2026/06/25 13:36:56 转录 stderr:     import numpy as np
2026/06/25 13:36:56 转录 stderr: ModuleNotFoundError: No module named 'numpy'
2026/06/25 13:36:56 转录进程退出: exit status 1
2026/06/25 13:36:56 转录进程退出: exit status 1


To develop in the browser and call your bound Go methods from Javascript, navigate to: http://localhost:34115
2026/06/25 13:37:36 触发截图
2026/06/25 13:37:38 触发发送
2026/06/25 13:37:38 开始新任务: solve (ID: 1)
2026/06/25 13:37:38 开始解题流程
2026/06/25 13:37:38 已注入场景提示词 (DomainID: general-assistant)
2026/06/25 13:37:38 system 提示词: <SystemPolicy>
  <Identity>
    你是一个严谨、可靠、中文优先的智能解题与分析助手。
  </Identity>

  <BehaviorRules>
    <Rule>默认使用简体中文回答。</Rule>
    <Rule>回答应优先保证正确性、清晰度和可执行性。</Rule>
    <Rule>先理解题目和截图内容，再给出结论与解释。</Rule>
    <Rule>如果是选择题，必须明确给出最终选项。</Rule>
    <Rule>如果信息不足，明确指出缺失条件，不要编造内容。</Rule>
    <Rule>不要输出与任务无关的寒暄或空泛套话。</Rule>
  </BehaviorRules>

  <FormattingRules>
    <Rule>整体输出使用 Markdown。</Rule>
    <Rule>数学公式使用 LaTeX 格式。</Rule>
    <Rule>代码内容使用 Markdown 代码块，并尽量标注语言。</Rule>
    <Rule>需要步骤时使用编号列表；需要对比时使用项目符号或表格。</Rule>
    <Rule>标题、重点、结论应层次清晰，便于快速阅读。</Rule>
  </FormattingRules>

  <TaskExecutionRules>
    <Rule>先识别图片中的关键信息，再结合提示词完成任务。</Rule>
    <Rule>按当前场景提示词要求执行，但不能违反本系统规范。</Rule>
    <Rule>如遇多张截图，应综合全部截图信息后再回答。</Rule>
  </TaskExecutionRules>
</SystemPolicy>

<ScenePrompt>
<PersonaCard>
  <Role>General Problem Solver</Role>
  <Skills>
    <Skill>Multidisciplinary Knowledge (Math, Science, logic, Humanities)</Skill>
    <Skill>Image Content Analysis</Skill>
    <Skill>Logical Deduction</Skill>
  </Skills>
  <Workflow>
    1. **Analysis**: Identify the core question and any constraints in the image/text.
    2. **Solution**: Apply general problem-solving steps to reach the answer.
    3. **Conclusion**: State the final answer clearly. If multiple choice, state the option.
  </Workflow>
  <OutputRules>
    - Answer directly and clearly.
    - Use Markdown for formatting (lists, bolding key terms).
  </OutputRules>
</PersonaCard>
</ScenePrompt>

<OutputStructure>
你必须按以下三个部分回答编程算法题，不要有多余寒暄：
1. 题目解析与解题思路：用中文简明说明题意、关键约束和解题思路。
2. 完整 Python 代码：基于截图中已有的代码片段开头，继续写完可运行的完整 Python 代码，使用 ```python 代码块。
3. 完整 C++ 代码：基于截图中已有的代码片段开头，继续写完可运行的完整 C++ 代码，使用 ```cpp 代码块。
如果用户后续追问报错或要求修改，只针对上述 Python/C++ 代码进行修正，不要重新开题。
</OutputStructure>

2026/06/25 13:37:38 插入 SystemPrompt
2026/06/25 13:37:50 [解题] 模型返回内容长度: 1443
2026/06/25 13:37:50 [解题] 模型返回内容: 1. **题目解析与解题思路**  
   - 给定整数数组 `nums`，对每个下标 `i`，计算其左侧元素之和 `leftSum[i]` 与右侧元素之和 `rightSum[i]`，然后返回它们的绝对差值组成的数组 `answer[i] = |leftSum[i] - rightSum[i]|`。  
   - 核心思路：先求出数组总和 `total`，遍历时维护当前左侧和 `left_sum`，则右侧和 `right_sum = total - left_sum - nums[i]`。  
   - 时间复杂度 O(n)，空间复杂度 O(1)（不计返回数组）。

2. **完整 Python 代码**
```python
from typing import List

class Solution:
    def leftRightDifference(self, nums: List[int]) -> List[int]:
        total = sum(nums)
        answer = []
        left_sum = 0
        for num in nums:
            right_sum = total - left_sum - num
            answer.append(abs(left_sum - right_sum))
            left_sum += num
        return answer
```

3. **完整 C++ 代码**
```cpp
#include <vector>
#include <numeric>   // for accumulate
#include <cstdlib>   // for abs
using namespace std;

class Solution {
public:
    vector<int> leftRightDifference(vector<int>& nums) {
        int total = accumulate(nums.begin(), nums.end(), 0);
        vector<int> answer;
        int left_sum = 0;
        for (int num : nums) {
            int right_sum = total - left_sum - num;
            answer.push_back(abs(left_sum - right_sum));
            left_sum += num;
        }
        return answer;
    }
};
```
2026/06/25 13:37:50 [解题] 模型返回思考链长度: 2302
2026/06/25 13:37:50 任务完成: solve (ID: 1)
2026-06-25 13:38:02.502 Interview_Assistant[8671:2388113] TSM AdjustCapsLockLEDForKeyTransitionHandling - _ISSetPhysicalKeyboardCapsLockLED Inhibit
2026-06-25 13:38:02.507 Interview_Assistant[8671:2388113] error messaging the mach port for IMKCFRunLoopWakeUpReliable
2026/06/25 13:38:07 开始新任务: solve (ID: 2)
2026/06/25 13:38:07 开始解题流程
2026/06/25 13:38:07 已注入场景提示词 (DomainID: general-assistant)
2026/06/25 13:38:07 system 提示词: <SystemPolicy>
  <Identity>
    你是一个严谨、可靠、中文优先的智能解题与分析助手。
  </Identity>

  <BehaviorRules>
    <Rule>默认使用简体中文回答。</Rule>
    <Rule>回答应优先保证正确性、清晰度和可执行性。</Rule>
    <Rule>先理解题目和截图内容，再给出结论与解释。</Rule>
    <Rule>如果是选择题，必须明确给出最终选项。</Rule>
    <Rule>如果信息不足，明确指出缺失条件，不要编造内容。</Rule>
    <Rule>不要输出与任务无关的寒暄或空泛套话。</Rule>
  </BehaviorRules>

  <FormattingRules>
    <Rule>整体输出使用 Markdown。</Rule>
    <Rule>数学公式使用 LaTeX 格式。</Rule>
    <Rule>代码内容使用 Markdown 代码块，并尽量标注语言。</Rule>
    <Rule>需要步骤时使用编号列表；需要对比时使用项目符号或表格。</Rule>
    <Rule>标题、重点、结论应层次清晰，便于快速阅读。</Rule>
  </FormattingRules>

  <TaskExecutionRules>
    <Rule>先识别图片中的关键信息，再结合提示词完成任务。</Rule>
    <Rule>按当前场景提示词要求执行，但不能违反本系统规范。</Rule>
    <Rule>如遇多张截图，应综合全部截图信息后再回答。</Rule>
  </TaskExecutionRules>
</SystemPolicy>

<ScenePrompt>
<PersonaCard>
  <Role>General Problem Solver</Role>
  <Skills>
    <Skill>Multidisciplinary Knowledge (Math, Science, logic, Humanities)</Skill>
    <Skill>Image Content Analysis</Skill>
    <Skill>Logical Deduction</Skill>
  </Skills>
  <Workflow>
    1. **Analysis**: Identify the core question and any constraints in the image/text.
    2. **Solution**: Apply general problem-solving steps to reach the answer.
    3. **Conclusion**: State the final answer clearly. If multiple choice, state the option.
  </Workflow>
  <OutputRules>
    - Answer directly and clearly.
    - Use Markdown for formatting (lists, bolding key terms).
  </OutputRules>
</PersonaCard>
</ScenePrompt>

<OutputStructure>
你必须按以下三个部分回答编程算法题，不要有多余寒暄：
1. 题目解析与解题思路：用中文简明说明题意、关键约束和解题思路。
2. 完整 Python 代码：基于截图中已有的代码片段开头，继续写完可运行的完整 Python 代码，使用 ```python 代码块。
3. 完整 C++ 代码：基于截图中已有的代码片段开头，继续写完可运行的完整 C++ 代码，使用 ```cpp 代码块。
如果用户后续追问报错或要求修改，只针对上述 Python/C++ 代码进行修正，不要重新开题。
</OutputStructure>

2026/06/25 13:38:11 [解题] 模型返回内容长度: 794
2026/06/25 13:38:11 [解题] 模型返回内容: 以下是 Java 版本的实现：

```java
import java.util.Arrays;

class Solution {
    public int[] leftRightDifference(int[] nums) {
        int total = Arrays.stream(nums).sum();   // 总和
        int[] answer = new int[nums.length];
        int leftSum = 0;
        for (int i = 0; i < nums.length; i++) {
            int rightSum = total - leftSum - nums[i];
            answer[i] = Math.abs(leftSum - rightSum);
            leftSum += nums[i];
        }
        return answer;
    }
}
```

**思路说明**  
- 先计算数组总和 `total`。  
- 遍历时维护左侧和 `leftSum`，则右侧和 = `total - leftSum - nums[i]`。  
- 答案数组元素为 `|leftSum - rightSum|`，使用 `Math.abs` 求绝对值。  
- 时间复杂度 O(n)，空间复杂度 O(n)（返回数组）。
2026/06/25 13:38:11 [解题] 模型返回思考链长度: 270
2026/06/25 13:38:11 任务完成: solve (ID: 2)
2026/06/25 13:38:16 [macOS] 注销热键: move_down
2026/06/25 13:38:16 [macOS] 注销热键: move_right
2026/06/25 13:38:16 [macOS] 注销热键: send
2026/06/25 13:38:16 [macOS] 注销热键: move_left
2026/06/25 13:38:16 [macOS] 注销热键: move_up
2026/06/25 13:38:16 [macOS] 注销热键: scroll_up
2026/06/25 13:38:16 [macOS] 注销热键: scroll_down
2026/06/25 13:38:16 [macOS] 注销热键: toggle
2026/06/25 13:38:16 [macOS] 注销热键: clickthrough
2026/06/25 13:38:16 [macOS] 注销热键: screenshot
2026/06/25 13:38:16 [macOS] 注销热键: delete
2026/06/25 13:38:16 配置已保存到: /Users/didi/Library/Application Support/Interview_Assistant/config
Development mode exited
 ♥   If Wails is useful to you or your company, please consider sponsoring the project:
https://github.com/sponsors/leaanthony
logout

Saving session...
...copying shared history...
...saving history...truncating history files...
...completed.

[进程已完成]

